Build started 6/2/2015 5:59:59 PM.
     1>Project "\\banner.main.ad.rit.edu\students\sxt5244\IGMProfile\Desktop\Sphere Collision 3D\Circle_OBB_2D\Circle_OBB_2D.vcxproj" on node 2 (Build target(s)).
     1>C:\Program Files (x86)\MSBuild\Microsoft.Cpp\v4.0\V120\Microsoft.CppBuild.targets(388,5): warning MSB8028: The intermediate directory (Debug\) contains files shared from another project (Base.vcxproj, Circle_AABB_2D.vcxproj, Circle_OBB_2D.vcxproj).  This can lead to incorrect clean and rebuild behavior.
     1>ClCompile:
         C:\Program Files (x86)\Microsoft Visual Studio 12.0\VC\bin\CL.exe /c /I"\\banner.main.ad.rit.edu\students\sxt5244\IGMProfile\Desktop\Sphere Collision 3D\Circle_OBB_2D\\include" /ZI /nologo /W3 /WX- /sdl /Od /Oy- /D _MBCS /Gm /EHsc /RTC1 /MDd /GS /fp:precise /Zc:wchar_t /Zc:forScope /Fo"Debug\\" /Fd"Debug\vc120.pdb" /Gd /TP /analyze- /errorReport:prompt main.cpp
         main.cpp
     1>\\banner.main.ad.rit.edu\students\sxt5244\igmprofile\desktop\sphere collision 3d\circle_obb_2d\main.cpp(145): warning C4244: '=' : conversion from 'double' to 'float', possible loss of data
     1>\\banner.main.ad.rit.edu\students\sxt5244\igmprofile\desktop\sphere collision 3d\circle_obb_2d\main.cpp(146): warning C4244: '=' : conversion from 'double' to 'float', possible loss of data
     1>\\banner.main.ad.rit.edu\students\sxt5244\igmprofile\desktop\sphere collision 3d\circle_obb_2d\main.cpp(147): warning C4244: '=' : conversion from 'double' to 'float', possible loss of data
     1>\\banner.main.ad.rit.edu\students\sxt5244\igmprofile\desktop\sphere collision 3d\circle_obb_2d\main.cpp(153): warning C4244: '=' : conversion from 'double' to 'float', possible loss of data
     1>\\banner.main.ad.rit.edu\students\sxt5244\igmprofile\desktop\sphere collision 3d\circle_obb_2d\main.cpp(154): warning C4244: '=' : conversion from 'double' to 'float', possible loss of data
     1>\\banner.main.ad.rit.edu\students\sxt5244\igmprofile\desktop\sphere collision 3d\circle_obb_2d\main.cpp(155): warning C4244: '=' : conversion from 'double' to 'float', possible loss of data
     1>\\banner.main.ad.rit.edu\students\sxt5244\igmprofile\desktop\sphere collision 3d\circle_obb_2d\main.cpp(161): warning C4244: '=' : conversion from 'double' to 'float', possible loss of data
     1>\\banner.main.ad.rit.edu\students\sxt5244\igmprofile\desktop\sphere collision 3d\circle_obb_2d\main.cpp(162): warning C4244: '=' : conversion from 'double' to 'float', possible loss of data
     1>\\banner.main.ad.rit.edu\students\sxt5244\igmprofile\desktop\sphere collision 3d\circle_obb_2d\main.cpp(163): warning C4244: '=' : conversion from 'double' to 'float', possible loss of data
     1>\\banner.main.ad.rit.edu\students\sxt5244\igmprofile\desktop\sphere collision 3d\circle_obb_2d\main.cpp(169): warning C4244: '=' : conversion from 'double' to 'float', possible loss of data
     1>\\banner.main.ad.rit.edu\students\sxt5244\igmprofile\desktop\sphere collision 3d\circle_obb_2d\main.cpp(170): warning C4244: '=' : conversion from 'double' to 'float', possible loss of data
     1>\\banner.main.ad.rit.edu\students\sxt5244\igmprofile\desktop\sphere collision 3d\circle_obb_2d\main.cpp(171): warning C4244: '=' : conversion from 'double' to 'float', possible loss of data
     1>\\banner.main.ad.rit.edu\students\sxt5244\igmprofile\desktop\sphere collision 3d\circle_obb_2d\main.cpp(381): warning C4244: '=' : conversion from 'double' to 'float', possible loss of data
     1>\\banner.main.ad.rit.edu\students\sxt5244\igmprofile\desktop\sphere collision 3d\circle_obb_2d\main.cpp(382): warning C4244: '=' : conversion from 'double' to 'float', possible loss of data
       Link:
         C:\Program Files (x86)\Microsoft Visual Studio 12.0\VC\bin\link.exe /ERRORREPORT:PROMPT /OUT:"\\banner.main.ad.rit.edu\students\sxt5244\IGMProfile\Desktop\Sphere Collision 3D\Debug\Sphere Collision 3D.exe" /INCREMENTAL /NOLOGO /LIBPATH:"\\banner.main.ad.rit.edu\students\sxt5244\IGMProfile\Desktop\Sphere Collision 3D\Circle_OBB_2D\\lib" opengl32.lib glew32.lib glfw3.lib kernel32.lib user32.lib gdi32.lib winspool.lib comdlg32.lib advapi32.lib shell32.lib ole32.lib oleaut32.lib uuid.lib odbc32.lib odbccp32.lib /MANIFEST /MANIFESTUAC:"level='asInvoker' uiAccess='false'" /manifest:embed /DEBUG /PDB:"\\banner.main.ad.rit.edu\students\sxt5244\IGMProfile\Desktop\Sphere Collision 3D\Debug\Sphere Collision 3D.pdb" /TLBID:1 /DYNAMICBASE /NXCOMPAT /IMPLIB:"\\banner.main.ad.rit.edu\students\sxt5244\IGMProfile\Desktop\Sphere Collision 3D\Debug\Sphere Collision 3D.lib" /MACHINE:X86 Debug\main.obj
     1>LINK : warning LNK4098: defaultlib 'MSVCRT' conflicts with use of other libs; use /NODEFAULTLIB:library
         Circle_OBB_2D.vcxproj -> \\banner.main.ad.rit.edu\students\sxt5244\IGMProfile\Desktop\Sphere Collision 3D\Debug\Sphere Collision 3D.exe
     1>Done Building Project "\\banner.main.ad.rit.edu\students\sxt5244\IGMProfile\Desktop\Sphere Collision 3D\Circle_OBB_2D\Circle_OBB_2D.vcxproj" (Build target(s)).

Build succeeded.

Time Elapsed 00:00:04.30
