Build started 6/3/2015 12:04:13 PM.
     1>Project "\\banner.main.ad.rit.edu\students\sxt5244\IGMProfile\Desktop\Sphere Collision 3D\Sphere Collision 3D\Sphere_Collision_3D.vcxproj" on node 2 (Build target(s)).
     1>C:\Program Files (x86)\MSBuild\Microsoft.Cpp\v4.0\V120\Microsoft.CppBuild.targets(388,5): warning MSB8028: The intermediate directory (Debug\) contains files shared from another project (Base.vcxproj, Circle_AABB_2D.vcxproj, Circle_OBB_2D.vcxproj, Sphere Collision 3D.vcxproj).  This can lead to incorrect clean and rebuild behavior.
     1>ClCompile:
         C:\Program Files (x86)\Microsoft Visual Studio 12.0\VC\bin\CL.exe /c /I"\\banner.main.ad.rit.edu\students\sxt5244\IGMProfile\Desktop\Sphere Collision 3D\Sphere Collision 3D\\include" /ZI /nologo /W3 /WX- /sdl /Od /Oy- /D _MBCS /Gm /EHsc /RTC1 /MDd /GS /fp:precise /Zc:wchar_t /Zc:forScope /Fo"Debug\\" /Fd"Debug\vc120.pdb" /Gd /TP /analyze- /errorReport:prompt main.cpp
         main.cpp
     1>\\banner.main.ad.rit.edu\students\sxt5244\igmprofile\desktop\sphere collision 3d\sphere collision 3d\main.cpp(193): warning C4244: '=' : conversion from 'double' to 'float', possible loss of data
     1>\\banner.main.ad.rit.edu\students\sxt5244\igmprofile\desktop\sphere collision 3d\sphere collision 3d\main.cpp(194): warning C4244: '=' : conversion from 'double' to 'float', possible loss of data
     1>\\banner.main.ad.rit.edu\students\sxt5244\igmprofile\desktop\sphere collision 3d\sphere collision 3d\main.cpp(195): warning C4244: '=' : conversion from 'double' to 'float', possible loss of data
     1>\\banner.main.ad.rit.edu\students\sxt5244\igmprofile\desktop\sphere collision 3d\sphere collision 3d\main.cpp(201): warning C4244: '=' : conversion from 'double' to 'float', possible loss of data
     1>\\banner.main.ad.rit.edu\students\sxt5244\igmprofile\desktop\sphere collision 3d\sphere collision 3d\main.cpp(202): warning C4244: '=' : conversion from 'double' to 'float', possible loss of data
     1>\\banner.main.ad.rit.edu\students\sxt5244\igmprofile\desktop\sphere collision 3d\sphere collision 3d\main.cpp(203): warning C4244: '=' : conversion from 'double' to 'float', possible loss of data
     1>\\banner.main.ad.rit.edu\students\sxt5244\igmprofile\desktop\sphere collision 3d\sphere collision 3d\main.cpp(209): warning C4244: '=' : conversion from 'double' to 'float', possible loss of data
     1>\\banner.main.ad.rit.edu\students\sxt5244\igmprofile\desktop\sphere collision 3d\sphere collision 3d\main.cpp(210): warning C4244: '=' : conversion from 'double' to 'float', possible loss of data
     1>\\banner.main.ad.rit.edu\students\sxt5244\igmprofile\desktop\sphere collision 3d\sphere collision 3d\main.cpp(211): warning C4244: '=' : conversion from 'double' to 'float', possible loss of data
     1>\\banner.main.ad.rit.edu\students\sxt5244\igmprofile\desktop\sphere collision 3d\sphere collision 3d\main.cpp(217): warning C4244: '=' : conversion from 'double' to 'float', possible loss of data
     1>\\banner.main.ad.rit.edu\students\sxt5244\igmprofile\desktop\sphere collision 3d\sphere collision 3d\main.cpp(218): warning C4244: '=' : conversion from 'double' to 'float', possible loss of data
     1>\\banner.main.ad.rit.edu\students\sxt5244\igmprofile\desktop\sphere collision 3d\sphere collision 3d\main.cpp(219): warning C4244: '=' : conversion from 'double' to 'float', possible loss of data
     1>\\banner.main.ad.rit.edu\students\sxt5244\igmprofile\desktop\sphere collision 3d\sphere collision 3d\main.cpp(549): warning C4244: '=' : conversion from 'double' to 'float', possible loss of data
     1>\\banner.main.ad.rit.edu\students\sxt5244\igmprofile\desktop\sphere collision 3d\sphere collision 3d\main.cpp(550): warning C4244: '=' : conversion from 'double' to 'float', possible loss of data
       Link:
         C:\Program Files (x86)\Microsoft Visual Studio 12.0\VC\bin\link.exe /ERRORREPORT:PROMPT /OUT:"\\banner.main.ad.rit.edu\students\sxt5244\IGMProfile\Desktop\Sphere Collision 3D\Debug\Sphere_AABB_Collision_3D.exe" /INCREMENTAL /NOLOGO /LIBPATH:"\\banner.main.ad.rit.edu\students\sxt5244\IGMProfile\Desktop\Sphere Collision 3D\Sphere Collision 3D\\lib" opengl32.lib glew32.lib glfw3.lib kernel32.lib user32.lib gdi32.lib winspool.lib comdlg32.lib advapi32.lib shell32.lib ole32.lib oleaut32.lib uuid.lib odbc32.lib odbccp32.lib /MANIFEST /MANIFESTUAC:"level='asInvoker' uiAccess='false'" /manifest:embed /DEBUG /PDB:"\\banner.main.ad.rit.edu\students\sxt5244\IGMProfile\Desktop\Sphere Collision 3D\Debug\Sphere_AABB_Collision_3D.pdb" /TLBID:1 /DYNAMICBASE /NXCOMPAT /IMPLIB:"\\banner.main.ad.rit.edu\students\sxt5244\IGMProfile\Desktop\Sphere Collision 3D\Debug\Sphere_AABB_Collision_3D.lib" /MACHINE:X86 Debug\main.obj
     1>LINK : warning LNK4098: defaultlib 'MSVCRT' conflicts with use of other libs; use /NODEFAULTLIB:library
         Sphere_Collision_3D.vcxproj -> \\banner.main.ad.rit.edu\students\sxt5244\IGMProfile\Desktop\Sphere Collision 3D\Debug\Sphere_AABB_Collision_3D.exe
     1>Done Building Project "\\banner.main.ad.rit.edu\students\sxt5244\IGMProfile\Desktop\Sphere Collision 3D\Sphere Collision 3D\Sphere_Collision_3D.vcxproj" (Build target(s)).

Build succeeded.

Time Elapsed 00:00:04.99
